<?xml version="1.0" encoding="windows-1252" standalone="no"?>
<!DOCTYPE log SYSTEM "logger.dtd">
<log>
<record>
  <date>2016-07-20T17:49:57</date>
  <millis>1469047797621</millis>
  <sequence>0</sequence>
  <logger>br.ufpe.cin.app.JFSTMerge</logger>
  <level>SEVERE</level>
  <class>br.ufpe.cin.app.JFSTMerge</class>
  <method>mergeFiles</method>
  <thread>1</thread>
  <message></message>
  <exception>
    <message>br.ufpe.cin.exceptions.TextualMergeException: Unexpected error while performing unstructured/textual merge: null
LEFT CONTENT:
public class Test {
	
}
BASE CONTENT:
public class   Test {
	
}
RIGHT CONTENT:
ºpublic class Test {
	
}
Terminates execution.</message>
    <frame>
      <class>br.ufpe.cin.mergers.TextualMerge</class>
      <method>merge</method>
      <line>82</line>
    </frame>
    <frame>
      <class>br.ufpe.cin.mergers.TextualMerge</class>
      <method>merge</method>
      <line>55</line>
    </frame>
    <frame>
      <class>br.ufpe.cin.app.JFSTMerge</class>
      <method>mergeFiles</method>
      <line>130</line>
    </frame>
    <frame>
      <class>br.ufpe.cin.app.JFSTMerge</class>
      <method>main</method>
      <line>203</line>
    </frame>
  </exception>
</record>
</log>
<?xml version="1.0" encoding="windows-1252" standalone="no"?>
<!DOCTYPE log SYSTEM "logger.dtd">
<log>
<record>
  <date>2016-07-20T17:50:50</date>
  <millis>1469047850088</millis>
  <sequence>0</sequence>
  <logger>br.ufpe.cin.app.JFSTMerge</logger>
  <level>SEVERE</level>
  <class>br.ufpe.cin.app.JFSTMerge</class>
  <method>mergeFiles</method>
  <thread>1</thread>
  <message></message>
  <exception>
    <message>br.ufpe.cin.exceptions.TextualMergeException: Unexpected error while performing unstructured/textual merge: null
LEFT CONTENT:
public class Test {
	
}
BASE CONTENT:
public class   Test {
	
}
RIGHT CONTENT:
ºpublic class Test {
	
}
Terminates execution.</message>
    <frame>
      <class>br.ufpe.cin.mergers.TextualMerge</class>
      <method>merge</method>
      <line>82</line>
    </frame>
    <frame>
      <class>br.ufpe.cin.mergers.TextualMerge</class>
      <method>merge</method>
      <line>55</line>
    </frame>
    <frame>
      <class>br.ufpe.cin.app.JFSTMerge</class>
      <method>mergeFiles</method>
      <line>130</line>
    </frame>
    <frame>
      <class>br.ufpe.cin.app.JFSTMerge</class>
      <method>main</method>
      <line>203</line>
    </frame>
  </exception>
</record>
</log>
<?xml version="1.0" encoding="windows-1252" standalone="no"?>
<!DOCTYPE log SYSTEM "logger.dtd">
<log>
<record>
  <date>2016-07-20T17:55:21</date>
  <millis>1469048121286</millis>
  <sequence>0</sequence>
  <logger>br.ufpe.cin.app.JFSTMerge</logger>
  <level>WARNING</level>
  <class>br.ufpe.cin.app.JFSTMerge</class>
  <method>mergeFiles</method>
  <thread>1</thread>
  <message></message>
  <exception>
    <message>br.ufpe.cin.exceptions.SemistructuredMergeException: Unexpected error while performing semistructured merge: Lexical error at line 1, column 1.  Encountered: "\u00ba" (186), after : ""
MERGING FILES: C:\Users\Guilherme\Desktop\test\left\Test.java;C:\Users\Guilherme\Desktop\test\base\Test.java;C:\Users\Guilherme\Desktop\test\right\Test.java
LEFT FILE CONTENT:
public class Test {
	
}
BASE FILE CONTENT:
public class   Test {
	
}
RIGHT FILE CONTENT:
ºpublic class Test {
	
}
Fallback merge strategy: call textual merge</message>
    <frame>
      <class>br.ufpe.cin.mergers.SemistructuredMerge</class>
      <method>merge</method>
      <line>60</line>
    </frame>
    <frame>
      <class>br.ufpe.cin.app.JFSTMerge</class>
      <method>mergeFiles</method>
      <line>131</line>
    </frame>
    <frame>
      <class>br.ufpe.cin.app.JFSTMerge</class>
      <method>main</method>
      <line>203</line>
    </frame>
  </exception>
</record>
</log>
